TN:
SF:C:\Nuwan\myWorksSpaces\Techs\Testing\Jest\react-with-jest\__tests__\src\js\sum-test.js
FN:7,(anonymous_1)
FN:8,(anonymous_2)
FNF:2
FNH:2
FNDA:1,(anonymous_1)
FNDA:1,(anonymous_2)
DA:5,1
DA:7,1
DA:8,1
DA:9,1
DA:10,1
LF:5
LH:5
BRF:0
BRH:0
end_of_record
TN:
SF:C:\Nuwan\myWorksSpaces\Techs\Testing\Jest\react-with-jest\src\js\sum.js
FN:5,sum
FNF:1
FNH:1
FNDA:1,sum
DA:5,1
DA:6,1
DA:9,1
LF:3
LH:3
BRF:0
BRH:0
end_of_record
TN:
SF:C:\Nuwan\myWorksSpaces\Techs\Testing\Jest\react-with-jest\__tests__\src\components\App-test.js
FN:8,(anonymous_1)
FN:9,(anonymous_2)
FNF:2
FNH:2
FNDA:1,(anonymous_1)
FNDA:1,(anonymous_2)
DA:5,1
DA:8,1
DA:9,1
DA:10,1
DA:11,1
DA:13,1
LF:6
LH:6
BRF:0
BRH:0
end_of_record
TN:
SF:C:\Nuwan\myWorksSpaces\Techs\Testing\Jest\react-with-jest\src\components\App.js
FN:1,(anonymous_1)
FN:1,defineProperties
FN:1,(anonymous_3)
FN:1,_interopRequireDefault
FN:1,_classCallCheck
FN:1,_possibleConstructorReturn
FN:1,_inherits
FN:3,(anonymous_8)
FN:5,App
FN:8,render
FN:15,_onClick
FNF:11
FNH:6
FNDA:1,(anonymous_1)
FNDA:1,defineProperties
FNDA:1,(anonymous_3)
FNDA:1,_interopRequireDefault
FNDA:0,_classCallCheck
FNDA:0,_possibleConstructorReturn
FNDA:1,_inherits
FNDA:1,(anonymous_8)
FNDA:0,App
FNDA:0,render
FNDA:0,_onClick
DA:1,2
DA:3,1
DA:5,1
DA:7,0
DA:8,1
DA:12,0
DA:21,1
LF:7
LH:5
BRDA:1,1,0,2
BRDA:1,1,1,2
BRDA:1,2,0,2
BRDA:1,2,1,0
BRDA:1,3,0,1
BRDA:1,3,1,0
BRDA:1,4,0,0
BRDA:1,4,1,1
BRDA:1,5,0,0
BRDA:1,5,1,1
BRDA:1,6,0,1
BRDA:1,6,1,1
BRDA:1,7,0,0
BRDA:1,7,1,0
BRDA:1,8,0,0
BRDA:1,8,1,0
BRDA:1,9,0,0
BRDA:1,9,1,0
BRDA:1,10,0,0
BRDA:1,10,1,0
BRDA:1,10,2,0
BRDA:1,11,0,0
BRDA:1,11,1,1
BRDA:1,12,0,1
BRDA:1,12,1,0
BRDA:1,13,0,1
BRDA:1,13,1,1
BRDA:1,14,0,1
BRDA:1,14,1,0
BRDA:1,15,0,1
BRDA:1,15,1,0
BRF:31
BRH:14
end_of_record
TN:
SF:C:\Nuwan\myWorksSpaces\Techs\Testing\Jest\react-with-jest\__tests__\src\components\CheckboxWithLabel\checkbox-with-label-test.js
FN:6,_interopRequireDefault
FN:8,(anonymous_2)
FN:10,(anonymous_3)
FNF:3
FNH:3
FNDA:4,_interopRequireDefault
FNDA:1,(anonymous_2)
FNDA:1,(anonymous_3)
DA:1,1
DA:3,1
DA:4,1
DA:5,1
DA:6,4
DA:8,1
DA:10,1
DA:12,1
DA:16,1
DA:19,1
DA:22,1
DA:25,1
LF:12
LH:12
BRDA:6,1,0,1
BRDA:6,1,1,3
BRDA:6,2,0,4
BRDA:6,2,1,4
BRF:4
BRH:4
end_of_record
TN:
SF:C:\Nuwan\myWorksSpaces\Techs\Testing\Jest\react-with-jest\src\components\CheckboxWithLabel\checkbox-with-label.js
FN:1,(anonymous_1)
FN:1,defineProperties
FN:1,(anonymous_3)
FN:1,_interopRequireDefault
FN:1,_classCallCheck
FN:1,_possibleConstructorReturn
FN:1,_inherits
FN:3,(anonymous_8)
FN:5,CheckboxWithLabel
FN:15,init
FN:18,onChange
FN:21,render
FNF:12
FNH:12
FNDA:1,(anonymous_1)
FNDA:1,defineProperties
FNDA:1,(anonymous_3)
FNDA:1,_interopRequireDefault
FNDA:1,_classCallCheck
FNDA:1,_possibleConstructorReturn
FNDA:1,_inherits
FNDA:1,(anonymous_8)
FNDA:1,CheckboxWithLabel
FNDA:1,init
FNDA:1,onChange
FNDA:2,render
DA:1,3
DA:3,1
DA:5,1
DA:7,1
DA:10,1
DA:15,1
DA:17,1
DA:21,1
DA:25,2
DA:32,1
LF:10
LH:10
BRDA:1,1,0,3
BRDA:1,1,1,3
BRDA:1,2,0,3
BRDA:1,2,1,0
BRDA:1,3,0,1
BRDA:1,3,1,0
BRDA:1,4,0,0
BRDA:1,4,1,1
BRDA:1,5,0,0
BRDA:1,5,1,1
BRDA:1,6,0,1
BRDA:1,6,1,1
BRDA:1,7,0,0
BRDA:1,7,1,1
BRDA:1,8,0,0
BRDA:1,8,1,1
BRDA:1,9,0,0
BRDA:1,9,1,1
BRDA:1,10,0,1
BRDA:1,10,1,0
BRDA:1,10,2,0
BRDA:1,11,0,0
BRDA:1,11,1,1
BRDA:1,12,0,1
BRDA:1,12,1,0
BRDA:1,13,0,1
BRDA:1,13,1,1
BRDA:1,14,0,1
BRDA:1,14,1,0
BRDA:1,15,0,1
BRDA:1,15,1,0
BRDA:32,16,0,1
BRDA:32,16,1,1
BRF:33
BRH:20
end_of_record
